# JRE version: Java(TM) SE Runtime Environment (7.0_51-b13) (build 1.7.0_51-b13)
# Java VM: Java HotSpot(TM) 64-Bit Server VM (24.51-b03 mixed mode windows-amd64 compressed oops)
Heap
 PSYoungGen      total 534528K, used 355047K [0x00000007ab300000, 0x00000007cd200000, 0x0000000800000000)
  eden space 517632K, 65% used [0x00000007ab300000,0x00000007bfe23e80,0x00000007cac80000)
  from space 16896K, 94% used [0x00000007cbe80000,0x00000007cce15e10,0x00000007ccf00000)
  to   space 18432K, 0% used [0x00000007cac80000,0x00000007cac80000,0x00000007cbe80000)
 ParOldGen       total 173568K, used 9471K [0x0000000701a00000, 0x000000070c380000, 0x00000007ab300000)
  object space 173568K, 5% used [0x0000000701a00000,0x000000070233fef0,0x000000070c380000)
 PSPermGen       total 25088K, used 24845K [0x00000006fc800000, 0x00000006fe080000, 0x0000000701a00000)
  object space 25088K, 99% used [0x00000006fc800000,0x00000006fe043570,0x00000006fe080000)
GC Heap History (10 events):
Event: 1.691 GC heap before
{Heap before GC invocations=4 (full 0):
 PSYoungGen      total 76288K, used 72200K [0x00000007ab300000, 0x00000007b4800000, 0x0000000800000000)
  eden space 65536K, 100% used [0x00000007ab300000,0x00000007af300000,0x00000007af300000)
  from space 10752K, 61% used [0x00000007af300000,0x00000007af982090,0x00000007afd80000)
  to   space 10752K, 0% used [0x00000007b3d80000,0x00000007b3d80000,0x00000007b4800000)
 ParOldGen       total 173568K, used 80K [0x0000000701a00000, 0x000000070c380000, 0x00000007ab300000)
  object space 173568K, 0% used [0x0000000701a00000,0x0000000701a14010,0x000000070c380000)
 PSPermGen       total 21504K, used 15240K [0x00000006fc800000, 0x00000006fdd00000, 0x0000000701a00000)
  object space 21504K, 70% used [0x00000006fc800000,0x00000006fd6e2268,0x00000006fdd00000)
Event: 1.697 GC heap after
Heap after GC invocations=4 (full 0):
 PSYoungGen      total 141824K, used 8472K [0x00000007ab300000, 0x00000007b4800000, 0x0000000800000000)
  eden space 131072K, 0% used [0x00000007ab300000,0x00000007ab300000,0x00000007b3300000)
  from space 10752K, 78% used [0x00000007b3d80000,0x00000007b45c6050,0x00000007b4800000)
  to   space 10752K, 0% used [0x00000007b3300000,0x00000007b3300000,0x00000007b3d80000)
 ParOldGen       total 173568K, used 88K [0x0000000701a00000, 0x000000070c380000, 0x00000007ab300000)
  object space 173568K, 0% used [0x0000000701a00000,0x0000000701a16010,0x000000070c380000)
 PSPermGen       total 21504K, used 15240K [0x00000006fc800000, 0x00000006fdd00000, 0x0000000701a00000)
  object space 21504K, 70% used [0x00000006fc800000,0x00000006fd6e2268,0x00000006fdd00000)
}
Event: 2.013 GC heap before
{Heap before GC invocations=5 (full 0):
 PSYoungGen      total 141824K, used 139544K [0x00000007ab300000, 0x00000007b4800000, 0x0000000800000000)
  eden space 131072K, 100% used [0x00000007ab300000,0x00000007b3300000,0x00000007b3300000)
  from space 10752K, 78% used [0x00000007b3d80000,0x00000007b45c6050,0x00000007b4800000)
  to   space 10752K, 0% used [0x00000007b3300000,0x00000007b3300000,0x00000007b3d80000)
 ParOldGen       total 173568K, used 88K [0x0000000701a00000, 0x000000070c380000, 0x00000007ab300000)
  object space 173568K, 0% used [0x0000000701a00000,0x0000000701a16010,0x000000070c380000)
 PSPermGen       total 21504K, used 15580K [0x00000006fc800000, 0x00000006fdd00000, 0x0000000701a00000)
  object space 21504K, 72% used [0x00000006fc800000,0x00000006fd737298,0x00000006fdd00000)
Event: 2.021 GC heap after
Heap after GC invocations=5 (full 0):
 PSYoungGen      total 141824K, used 10744K [0x00000007ab300000, 0x00000007bcb00000, 0x0000000800000000)
  eden space 131072K, 0% used [0x00000007ab300000,0x00000007ab300000,0x00000007b3300000)
  from space 10752K, 99% used [0x00000007b3300000,0x00000007b3d7e060,0x00000007b3d80000)
  to   space 12288K, 0% used [0x00000007bbf00000,0x00000007bbf00000,0x00000007bcb00000)
 ParOldGen       total 173568K, used 1163K [0x0000000701a00000, 0x000000070c380000, 0x00000007ab300000)
  object space 173568K, 0% used [0x0000000701a00000,0x0000000701b22f40,0x000000070c380000)
 PSPermGen       total 21504K, used 15580K [0x00000006fc800000, 0x00000006fdd00000, 0x0000000701a00000)
  object space 21504K, 72% used [0x00000006fc800000,0x00000006fd737298,0x00000006fdd00000)
}
Event: 2.274 GC heap before
{Heap before GC invocations=6 (full 0):
 PSYoungGen      total 141824K, used 141816K [0x00000007ab300000, 0x00000007bcb00000, 0x0000000800000000)
  eden space 131072K, 100% used [0x00000007ab300000,0x00000007b3300000,0x00000007b3300000)
  from space 10752K, 99% used [0x00000007b3300000,0x00000007b3d7e060,0x00000007b3d80000)
  to   space 12288K, 0% used [0x00000007bbf00000,0x00000007bbf00000,0x00000007bcb00000)
 ParOldGen       total 173568K, used 1163K [0x0000000701a00000, 0x000000070c380000, 0x00000007ab300000)
  object space 173568K, 0% used [0x0000000701a00000,0x0000000701b22f40,0x000000070c380000)
 PSPermGen       total 21504K, used 15838K [0x00000006fc800000, 0x00000006fdd00000, 0x0000000701a00000)
  object space 21504K, 73% used [0x00000006fc800000,0x00000006fd777a48,0x00000006fdd00000)
Event: 2.284 GC heap after
Heap after GC invocations=6 (full 0):
 PSYoungGen      total 271872K, used 12280K [0x00000007ab300000, 0x00000007bd000000, 0x0000000800000000)
  eden space 259584K, 0% used [0x00000007ab300000,0x00000007ab300000,0x00000007bb080000)
  from space 12288K, 99% used [0x00000007bbf00000,0x00000007bcafe080,0x00000007bcb00000)
  to   space 14848K, 0% used [0x00000007bb080000,0x00000007bb080000,0x00000007bbf00000)
 ParOldGen       total 173568K, used 2258K [0x0000000701a00000, 0x000000070c380000, 0x00000007ab300000)
  object space 173568K, 1% used [0x0000000701a00000,0x0000000701c348a0,0x000000070c380000)
 PSPermGen       total 21504K, used 15838K [0x00000006fc800000, 0x00000006fdd00000, 0x0000000701a00000)
  object space 21504K, 73% used [0x00000006fc800000,0x00000006fd777a48,0x00000006fdd00000)
}
Event: 2.792 GC heap before
{Heap before GC invocations=7 (full 0):
 PSYoungGen      total 271872K, used 271864K [0x00000007ab300000, 0x00000007bd000000, 0x0000000800000000)
  eden space 259584K, 100% used [0x00000007ab300000,0x00000007bb080000,0x00000007bb080000)
  from space 12288K, 99% used [0x00000007bbf00000,0x00000007bcafe080,0x00000007bcb00000)
  to   space 14848K, 0% used [0x00000007bb080000,0x00000007bb080000,0x00000007bbf00000)
 ParOldGen       total 173568K, used 2258K [0x0000000701a00000, 0x000000070c380000, 0x00000007ab300000)
  object space 173568K, 1% used [0x0000000701a00000,0x0000000701c348a0,0x000000070c380000)
 PSPermGen       total 21504K, used 16414K [0x00000006fc800000, 0x00000006fdd00000, 0x0000000701a00000)
  object space 21504K, 76% used [0x00000006fc800000,0x00000006fd807900,0x00000006fdd00000)
Event: 2.803 GC heap after
Heap after GC invocations=7 (full 0):
 PSYoungGen      total 274432K, used 14727K [0x00000007ab300000, 0x00000007ccf00000, 0x0000000800000000)
  eden space 259584K, 0% used [0x00000007ab300000,0x00000007ab300000,0x00000007bb080000)
  from space 14848K, 99% used [0x00000007bb080000,0x00000007bbee1e70,0x00000007bbf00000)
  to   space 16896K, 0% used [0x00000007cbe80000,0x00000007cbe80000,0x00000007ccf00000)
 ParOldGen       total 173568K, used 6039K [0x0000000701a00000, 0x000000070c380000, 0x00000007ab300000)
  object space 173568K, 3% used [0x0000000701a00000,0x0000000701fe5d38,0x000000070c380000)
 PSPermGen       total 21504K, used 16414K [0x00000006fc800000, 0x00000006fdd00000, 0x0000000701a00000)
  object space 21504K, 76% used [0x00000006fc800000,0x00000006fd807900,0x00000006fdd00000)
}
Event: 3.226 GC heap before
{Heap before GC invocations=8 (full 0):
 PSYoungGen      total 274432K, used 274311K [0x00000007ab300000, 0x00000007ccf00000, 0x0000000800000000)
  eden space 259584K, 100% used [0x00000007ab300000,0x00000007bb080000,0x00000007bb080000)
  from space 14848K, 99% used [0x00000007bb080000,0x00000007bbee1e70,0x00000007bbf00000)
  to   space 16896K, 0% used [0x00000007cbe80000,0x00000007cbe80000,0x00000007ccf00000)
 ParOldGen       total 173568K, used 6039K [0x0000000701a00000, 0x000000070c380000, 0x00000007ab300000)
  object space 173568K, 3% used [0x0000000701a00000,0x0000000701fe5d38,0x000000070c380000)
 PSPermGen       total 21504K, used 16850K [0x00000006fc800000, 0x00000006fdd00000, 0x0000000701a00000)
  object space 21504K, 78% used [0x00000006fc800000,0x00000006fd874ae8,0x00000006fdd00000)
Event: 3.237 GC heap after
Heap after GC invocations=8 (full 0):
 PSYoungGen      total 534528K, used 15959K [0x00000007ab300000, 0x00000007cd200000, 0x0000000800000000)
  eden space 517632K, 0% used [0x00000007ab300000,0x00000007ab300000,0x00000007cac80000)
  from space 16896K, 94% used [0x00000007cbe80000,0x00000007cce15e10,0x00000007ccf00000)
  to   space 18432K, 0% used [0x00000007cac80000,0x00000007cac80000,0x00000007cbe80000)
 ParOldGen       total 173568K, used 9471K [0x0000000701a00000, 0x000000070c380000, 0x00000007ab300000)
  object space 173568K, 5% used [0x0000000701a00000,0x000000070233fef0,0x000000070c380000)
 PSPermGen       total 21504K, used 16850K [0x00000006fc800000, 0x00000006fdd00000, 0x0000000701a00000)
  object space 21504K, 78% used [0x00000006fc800000,0x00000006fd874ae8,0x00000006fdd00000)
}

